<?xml version="1.0" encoding="UTF-8"?>
<!-- Generated by org.testng.reporters.JUnitReportReporter -->
<testsuite hostname="AliMun" name="rough.ReadingXL" tests="1" failures="0" timestamp="4 Mar 2016 06:59:31 GMT" time="0.054" errors="0">
  <testcase name="readxls_Test" time="0.054" classname="rough.ReadingXL"/>
</testsuite> <!-- rough.ReadingXL -->
